{
  "RSpec": {
    "coverage": {
      "/home/cabox/workspace/app/models/student.rb": [
        1,
        1,
        null
      ],
      "/home/cabox/workspace/app/models/town.rb": [
        1,
        1,
        1,
        null,
        null,
        1,
        1,
        1,
        1,
        null,
        null,
        1,
        1,
        8,
        8,
        4,
        4,
        4,
        null,
        null,
        null,
        1,
        1,
        7,
        7,
        7,
        null,
        null,
        null
      ],
      "/home/cabox/workspace/app/controllers/students_controller.rb": [
        1,
        1,
        null,
        null,
        null,
        1,
        1,
        null,
        null,
        null,
        null,
        1,
        null,
        null,
        null,
        null,
        1,
        1,
        null,
        null,
        null,
        1,
        null,
        null,
        null,
        null,
        1,
        2,
        null,
        2,
        2,
        2,
        1,
        null,
        2,
        1,
        null,
        null,
        null,
        null,
        null,
        null,
        1,
        2,
        2,
        2,
        1,
        null,
        2,
        1,
        null,
        null,
        null,
        null,
        null,
        null,
        1,
        1,
        1,
        2,
        1,
        null,
        null,
        null,
        1,
        null,
        1,
        5,
        null,
        null,
        null,
        1,
        4,
        null,
        null
      ],
      "/home/cabox/workspace/app/controllers/application_controller.rb": [
        1,
        null,
        null,
        1,
        null
      ],
      "/home/cabox/workspace/app/helpers/application_helper.rb": [
        1,
        null
      ],
      "/home/cabox/workspace/app/helpers/students_helper.rb": [
        1,
        null
      ],
      "/home/cabox/workspace/app/helpers/towns_helper.rb": [
        1,
        null
      ],
      "/home/cabox/workspace/app/helpers/welcome_helper.rb": [
        1,
        null
      ],
      "/home/cabox/workspace/app/controllers/towns_controller.rb": [
        1,
        1,
        null,
        null,
        null,
        1,
        1,
        null,
        null,
        null,
        null,
        1,
        1,
        1,
        1,
        1,
        null,
        null,
        null,
        1,
        1,
        null,
        null,
        null,
        1,
        null,
        null,
        null,
        null,
        1,
        2,
        null,
        2,
        2,
        2,
        1,
        null,
        2,
        1,
        null,
        null,
        null,
        null,
        null,
        null,
        1,
        2,
        2,
        2,
        1,
        null,
        2,
        1,
        null,
        null,
        null,
        null,
        null,
        null,
        1,
        1,
        1,
        2,
        1,
        null,
        null,
        null,
        1,
        null,
        1,
        5,
        null,
        null,
        null,
        1,
        4,
        null,
        null
      ],
      "/home/cabox/workspace/app/controllers/welcome_controller.rb": [
        1,
        1,
        null,
        null
      ]
    },
    "timestamp": 1521538792
  }
}
